23-03-2019 12:10:37.801 [main] INFO  c.h.s.backend.BackendApplication.logStarting - Starting BackendApplication on DESKTOP-OGDU8R5 with PID 15184 (E:\noetic\keba\backend\target\classes started by Ranga Lankathilaka in E:\noetic\keba\backend)
23-03-2019 12:10:37.816 [main] INFO  c.h.s.backend.BackendApplication.logStartupProfileInfo - The following profiles are active: dev
23-03-2019 12:10:39.025 [main] INFO  o.s.d.r.c.RepositoryConfigurationDelegate.registerRepositoriesIn - Bootstrapping Spring Data repositories in DEFAULT mode.
23-03-2019 12:10:39.135 [main] INFO  o.s.d.r.c.RepositoryConfigurationDelegate.registerRepositoriesIn - Finished Spring Data repository scanning in 102ms. Found 4 repository interfaces.
23-03-2019 12:10:39.456 [main] INFO  o.s.c.s.PostProcessorRegistrationDelegate$BeanPostProcessorChecker.postProcessAfterInitialization - Bean 'org.springframework.transaction.annotation.ProxyTransactionManagementConfiguration' of type [org.springframework.transaction.annotation.ProxyTransactionManagementConfiguration$$EnhancerBySpringCGLIB$$d23a8247] is not eligible for getting processed by all BeanPostProcessors (for example: not eligible for auto-proxying)
23-03-2019 12:10:41.847 [main] INFO  o.s.b.w.e.tomcat.TomcatWebServer.initialize - Tomcat initialized with port(s): 8081 (http)
23-03-2019 12:10:41.875 [main] INFO  o.a.catalina.core.StandardService.log - Starting service [Tomcat]
23-03-2019 12:10:41.875 [main] INFO  o.a.catalina.core.StandardEngine.log - Starting Servlet engine: [Apache Tomcat/9.0.16]
23-03-2019 12:10:41.883 [main] INFO  o.a.c.core.AprLifecycleListener.log - The APR based Apache Tomcat Native library which allows optimal performance in production environments was not found on the java.library.path: [C:\Program Files\Java\jre1.8.0_144\bin;C:\WINDOWS\Sun\Java\bin;C:\WINDOWS\system32;C:\WINDOWS;C:/Program Files/Java/jre1.8.0_144/bin/server;C:/Program Files/Java/jre1.8.0_144/bin;C:/Program Files/Java/jre1.8.0_144/lib/amd64;C:\ProgramData\DockerDesktop\version-bin;C:\Program Files\Docker\Docker\Resources\bin;C:\ProgramData\Oracle\Java\javapath;C:\Python27\Lib\site-packages\PyQt4;C:\Program Files (x86)\Intel\iCLS Client\;C:\Program Files\Intel\iCLS Client\;C:\Windows\system32;C:\Windows;C:\Windows\System32\Wbem;C:\Windows\System32\WindowsPowerShell\v1.0\;C:\Program Files (x86)\NVIDIA Corporation\PhysX\Common;C:\Program Files (x86)\Intel\Intel(R) Management Engine Components\DAL;C:\Program Files\Intel\Intel(R) Management Engine Components\DAL;C:\Program Files (x86)\Intel\Intel(R) Management Engine Components\IPT;C:\Program Files\Intel\Intel(R) Management Engine Components\IPT;C:\opencv\build\x64\vc14\bin;C:\iverilog\bin;C:\iverilog\gtkwave\bin;C:\WINDOWS\system32;C:\WINDOWS;C:\WINDOWS\System32\Wbem;C:\WINDOWS\System32\WindowsPowerShell\v1.0\;C:\Program Files\swipl\bin;C:\Python27\Scripts;C:\Python27;C:\Program Files\apache-maven-3.5.3\bin;C:\Program Files\Git\cmd;C:\Program Files\apache-maven-3.5.4\bin;C:\Program Files\apache-maven-3.5.4\bin;C:\Program Files\apache-maven-3.5.4\bin;C:\Program Files\nodejs\;C:\WINDOWS\System32\OpenSSH\;C:\OpenSSL-Win32\bin;C:\opencv\build\x86\vc12\bin\;C:\Users\Ranga Lankathilaka\AppData\Local\Google\Cloud SDK\google-cloud-sdk\bin;C:\Users\Ranga Lankathilaka\AppData\Local\Microsoft\WindowsApps;;C:\Program Files\Microsoft VS Code\bin;C:\Users\Ranga Lankathilaka\AppData\Roaming\npm;C:\Program Files\Docker Toolbox;C:\Program Files\Docker Toolbox;E:\noetic\spring-tool-suite-4-4.1.2.RELEASE-e4.10.0-win32.win32.x86_64\sts-4.1.2.RELEASE;;.]
23-03-2019 12:10:42.035 [main] INFO  o.a.c.c.C.[Tomcat].[localhost].[/].log - Initializing Spring embedded WebApplicationContext
23-03-2019 12:10:42.036 [main] INFO  o.s.web.context.ContextLoader.prepareWebApplicationContext - Root WebApplicationContext: initialization completed in 4173 ms
23-03-2019 12:10:42.283 [main] INFO  com.zaxxer.hikari.HikariDataSource.getConnection - HikariPool-1 - Starting...
23-03-2019 12:10:42.286 [main] WARN  c.z.hikari.util.DriverDataSource.<init> - Registered driver with driverClassName=com.mysql.jdbc.Driver was not found, trying direct instantiation.
23-03-2019 12:10:42.488 [main] INFO  com.zaxxer.hikari.HikariDataSource.getConnection - HikariPool-1 - Start completed.
23-03-2019 12:10:42.562 [main] INFO  o.h.jpa.internal.util.LogHelper.logPersistenceUnitInformation - HHH000204: Processing PersistenceUnitInfo [
	name: default
	...]
23-03-2019 12:10:42.781 [main] INFO  org.hibernate.Version.logVersion - HHH000412: Hibernate Core {5.2.16.Final}
23-03-2019 12:10:42.784 [main] INFO  org.hibernate.cfg.Environment.<clinit> - HHH000206: hibernate.properties not found
23-03-2019 12:10:42.943 [main] INFO  o.h.annotations.common.Version.<clinit> - HCANN000001: Hibernate Commons Annotations {5.0.1.Final}
23-03-2019 12:10:43.439 [main] INFO  org.hibernate.dialect.Dialect.<init> - HHH000400: Using dialect: org.hibernate.dialect.MySQL57Dialect
23-03-2019 12:10:43.723 [main] WARN  org.hibernate.mapping.RootClass.checkCompositeIdentifier - HHH000038: Composite-id class does not override equals(): com.home.serviceManagement.backend.entity.Ticket_Apparatus_PK
23-03-2019 12:10:43.724 [main] WARN  org.hibernate.mapping.RootClass.checkCompositeIdentifier - HHH000039: Composite-id class does not override hashCode(): com.home.serviceManagement.backend.entity.Ticket_Apparatus_PK
23-03-2019 12:10:43.758 [main] WARN  n.s.e.config.ConfigurationFactory.parseConfiguration - No configuration found. Configuring ehcache from ehcache-failsafe.xml  found in the classpath: jar:file:/C:/Users/Ranga%20Lankathilaka/.m2/repository/net/sf/ehcache/ehcache/2.10.3/ehcache-2.10.3.jar!/ehcache-failsafe.xml
23-03-2019 12:10:43.825 [main] WARN  o.h.c.e.AbstractEhcacheRegionFactory.getCache - HHH020003: Could not find a specific ehcache configuration for cache named [org.hibernate.cache.spi.UpdateTimestampsCache]; using defaults.
23-03-2019 12:10:43.893 [main] INFO  o.h.cache.spi.UpdateTimestampsCache.<init> - HHH000250: Starting update timestamps cache at region: org.hibernate.cache.spi.UpdateTimestampsCache
23-03-2019 12:10:43.895 [main] WARN  o.h.c.e.AbstractEhcacheRegionFactory.getCache - HHH020003: Could not find a specific ehcache configuration for cache named [org.hibernate.cache.internal.StandardQueryCache]; using defaults.
23-03-2019 12:10:43.905 [main] INFO  o.h.c.internal.StandardQueryCache.<init> - HHH000248: Starting query cache at region: org.hibernate.cache.internal.StandardQueryCache
23-03-2019 12:10:43.991 [main] WARN  o.h.c.e.AbstractEhcacheRegionFactory.getCache - HHH020003: Could not find a specific ehcache configuration for cache named [com.home.serviceManagement.backend.entity.Apparatus]; using defaults.
23-03-2019 12:10:44.067 [main] WARN  o.h.c.e.AbstractEhcacheRegionFactory.getCache - HHH020003: Could not find a specific ehcache configuration for cache named [com.home.serviceManagement.backend.entity.Ticket_Appratus]; using defaults.
23-03-2019 12:10:44.084 [main] WARN  o.h.c.e.AbstractEhcacheRegionFactory.getCache - HHH020003: Could not find a specific ehcache configuration for cache named [com.home.serviceManagement.backend.entity.Teacher]; using defaults.
23-03-2019 12:10:44.092 [main] WARN  o.h.c.e.AbstractEhcacheRegionFactory.getCache - HHH020003: Could not find a specific ehcache configuration for cache named [com.home.serviceManagement.backend.entity.Ticket]; using defaults.
23-03-2019 12:10:44.114 [main] WARN  o.h.c.e.AbstractEhcacheRegionFactory.getCache - HHH020003: Could not find a specific ehcache configuration for cache named [com.home.serviceManagement.backend.entity.Teacher.ticketsList]; using defaults.
23-03-2019 12:10:45.032 [main] INFO  o.s.o.j.LocalContainerEntityManagerFactoryBean.buildNativeEntityManagerFactory - Initialized JPA EntityManagerFactory for persistence unit 'default'
23-03-2019 12:10:45.905 [main] INFO  o.s.s.c.ThreadPoolTaskExecutor.initialize - Initializing ExecutorService 'applicationTaskExecutor'
23-03-2019 12:10:46.064 [main] WARN  o.s.b.a.o.j.JpaBaseConfiguration$JpaWebConfiguration$JpaWebMvcConfiguration.openEntityManagerInViewInterceptor - spring.jpa.open-in-view is enabled by default. Therefore, database queries may be performed during view rendering. Explicitly configure spring.jpa.open-in-view to disable this warning
23-03-2019 12:10:46.672 [main] INFO  o.s.b.w.e.tomcat.TomcatWebServer.start - Tomcat started on port(s): 8081 (http) with context path ''
23-03-2019 12:10:46.679 [main] INFO  c.h.s.backend.BackendApplication.logStarted - Started BackendApplication in 9.453 seconds (JVM running for 10.73)
23-03-2019 12:19:31.070 [RMI TCP Connection(27)-127.0.0.1] INFO  o.s.b.a.SpringApplicationAdminMXBeanRegistrar$SpringApplicationAdmin.shutdown - Application shutdown requested.
23-03-2019 12:19:31.075 [RMI TCP Connection(27)-127.0.0.1] INFO  o.s.s.c.ThreadPoolTaskExecutor.shutdown - Shutting down ExecutorService 'applicationTaskExecutor'
23-03-2019 12:19:31.078 [RMI TCP Connection(27)-127.0.0.1] INFO  o.s.o.j.LocalContainerEntityManagerFactoryBean.destroy - Closing JPA EntityManagerFactory for persistence unit 'default'
23-03-2019 12:19:31.094 [RMI TCP Connection(27)-127.0.0.1] INFO  com.zaxxer.hikari.HikariDataSource.close - HikariPool-1 - Shutdown initiated...
23-03-2019 12:19:31.103 [RMI TCP Connection(27)-127.0.0.1] INFO  com.zaxxer.hikari.HikariDataSource.close - HikariPool-1 - Shutdown completed.
